e:\documents\github\fluids3\output\debug\app_perf.obj
e:\documents\github\fluids3\output\debug\app_util.obj
e:\documents\github\fluids3\output\debug\xml_settings.obj
e:\documents\github\fluids3\output\debug\fluid_system.obj
e:\documents\github\fluids3\output\debug\main.obj
e:\documents\github\fluids3\output\debug\vc100.pdb
e:\documents\github\fluids3\output\debug\glew.obj
e:\documents\github\fluids3\debug\fluid_system_host.obj
e:\documents\github\fluids3\debug\fluid_system_kern.obj
e:\documents\github\fluids3\output\debug\fluids_v3.exe.embed.manifest.res
e:\documents\github\fluids3\output\debug\cl.command.1.tlog
e:\documents\github\fluids3\output\debug\cl.read.1.tlog
e:\documents\github\fluids3\output\debug\cl.write.1.tlog
e:\documents\github\fluids3\output\debug\custombuild.command.1.tlog
e:\documents\github\fluids3\output\debug\custombuild.read.1.tlog
e:\documents\github\fluids3\output\debug\custombuild.write.1.tlog
e:\documents\github\fluids3\output\debug\link.3164.read.1.tlog
e:\documents\github\fluids3\output\debug\link.3164.write.1.tlog
e:\documents\github\fluids3\output\debug\link.4752.read.1.tlog
e:\documents\github\fluids3\output\debug\link.4752.write.1.tlog
e:\documents\github\fluids3\output\debug\link.9136.read.1.tlog
e:\documents\github\fluids3\output\debug\link.9136.write.1.tlog
e:\documents\github\fluids3\output\debug\link.command.1.tlog
e:\documents\github\fluids3\output\debug\link.read.1.tlog
e:\documents\github\fluids3\output\debug\link.write.1.tlog
e:\documents\github\fluids3\output\debug\rc.command.1.tlog
e:\documents\github\fluids3\output\debug\rc.read.1.tlog
e:\documents\github\fluids3\output\debug\rc.write.1.tlog
e:\documents\github\fluids3\output\debug\fluids_v3.exe.embed.manifest
e:\documents\github\fluids3\output\debug\vc100.idb
e:\documents\github\fluids3\output\debug\fluids_v3_manifest.rc
